运行时间: 2025-09-05T13:28:44.136+00:00
厚度估计值: 8.660 ± 2.704 μm
所有计算结果: [7.922591784783107, 7.873200491534672, 7.886230864573403, 7.249101548760485, 7.549616033211219, 7.150971021235952, 8.283849798899203, 6.95516449101682, 7.816417672817759, 9.637356401175134, 8.00352238489663, 8.13258377657446, 7.5859937343643855, 7.641733662248157, 7.508431414430856, 7.351884192748236, 7.6167982323659285, 7.612788462939488, 7.865725767232963, 7.397546592739647, 8.593349526587195, 6.40465519825077, 8.405220052032265, 7.555163841502177, 7.11842382637942, 8.253749691738355, 6.948906939239217, 17.54894901189593, 16.872131922838992, 9.639901015582344, 7.850945920901412, 8.006713209700614, 7.893045699694591, 16.502439971510988, 14.001123814512876, 7.5284748668068096, 6.9704807860938995, 7.958269053772734]
数据文件: ./data/附件1.xlsx, 入射角: 10.0
	基于最大值计算得到的平均厚度: 7.632 ± 0.409 μm
	基于最小值计算得到的平均厚度: 7.896 ± 0.622 μm
数据文件: ./data/附件2.xlsx, 入射角: 15.0
	基于最大值计算得到的平均厚度: 9.510 ± 3.907 μm
	基于最小值计算得到的平均厚度: 9.595 ± 3.152 μm

运行时间: 2025-09-05T13:37:53.291+00:00
厚度估计值: 8.660 ± 2.704 μm
所有计算结果: [7.922591784783107, 7.873200491534672, 7.886230864573403, 7.249101548760485, 7.549616033211219, 7.150971021235952, 8.283849798899203, 6.95516449101682, 7.816417672817759, 9.637356401175134, 8.00352238489663, 8.13258377657446, 7.5859937343643855, 7.641733662248157, 7.508431414430856, 7.351884192748236, 7.6167982323659285, 7.612788462939488, 7.865725767232963, 7.397546592739647, 8.593349526587195, 6.40465519825077, 8.405220052032265, 7.555163841502177, 7.11842382637942, 8.253749691738355, 6.948906939239217, 17.54894901189593, 16.872131922838992, 9.639901015582344, 7.850945920901412, 8.006713209700614, 7.893045699694591, 16.502439971510988, 14.001123814512876, 7.5284748668068096, 6.9704807860938995, 7.958269053772734]
数据文件: ./data/附件1.xlsx, 入射角: 10.0
	基于最大值计算得到的平均厚度: 7.632 ± 0.409 μm
	基于最小值计算得到的平均厚度: 7.896 ± 0.622 μm
数据文件: ./data/附件2.xlsx, 入射角: 15.0
	基于最大值计算得到的平均厚度: 9.510 ± 3.907 μm
	基于最小值计算得到的平均厚度: 9.595 ± 3.152 μm

运行时间: 2025-09-05T13:46:04.531+00:00
厚度估计值: 8.660 ± 2.704 μm
所有计算结果: [7.922591784783107, 7.873200491534672, 7.886230864573403, 7.249101548760485, 7.549616033211219, 7.150971021235952, 8.283849798899203, 6.95516449101682, 7.816417672817759, 9.637356401175134, 8.00352238489663, 8.13258377657446, 7.5859937343643855, 7.641733662248157, 7.508431414430856, 7.351884192748236, 7.6167982323659285, 7.612788462939488, 7.865725767232963, 7.397546592739647, 8.593349526587195, 6.40465519825077, 8.405220052032265, 7.555163841502177, 7.11842382637942, 8.253749691738355, 6.948906939239217, 17.54894901189593, 16.872131922838992, 9.639901015582344, 7.850945920901412, 8.006713209700614, 7.893045699694591, 16.502439971510988, 14.001123814512876, 7.5284748668068096, 6.9704807860938995, 7.958269053772734]
数据文件: "./data/附件1.xlsx", 入射角: 10.0
	基于最大值计算得到的平均厚度: 7.632 ± 0.409 μm
	基于最小值计算得到的平均厚度: 7.896 ± 0.622 μm
数据文件: "./data/附件2.xlsx", 入射角: 15.0
	基于最大值计算得到的平均厚度: 9.510 ± 3.907 μm
	基于最小值计算得到的平均厚度: 9.595 ± 3.152 μm

运行时间: 2025-09-05T13:54:13.152+00:00
厚度估计值: 8.660 ± 2.704 μm
所有计算结果: [7.922591784783107, 7.873200491534672, 7.886230864573403, 7.249101548760485, 7.549616033211219, 7.150971021235952, 8.283849798899203, 6.95516449101682, 7.816417672817759, 9.637356401175134, 8.00352238489663, 8.13258377657446, 7.5859937343643855, 7.641733662248157, 7.508431414430856, 7.351884192748236, 7.6167982323659285, 7.612788462939488, 7.865725767232963, 7.397546592739647, 8.593349526587195, 6.40465519825077, 8.405220052032265, 7.555163841502177, 7.11842382637942, 8.253749691738355, 6.948906939239217, 17.54894901189593, 16.872131922838992, 9.639901015582344, 7.850945920901412, 8.006713209700614, 7.893045699694591, 16.502439971510988, 14.001123814512876, 7.5284748668068096, 6.9704807860938995, 7.958269053772734]
数据文件: "./data/附件1.xlsx", 入射角: 10.0
	基于最大值计算得到的平均厚度: 7.632 ± 0.409 μm
	基于最小值计算得到的平均厚度: 7.896 ± 0.622 μm
数据文件: "./data/附件2.xlsx", 入射角: 15.0
	基于最大值计算得到的平均厚度: 9.510 ± 3.907 μm
	基于最小值计算得到的平均厚度: 9.595 ± 3.152 μm

运行时间: 2025-09-05T13:56:18.349+00:00
厚度估计值: 8.660 ± 2.704 μm
所有计算结果: [7.922591784783107, 7.873200491534672, 7.886230864573403, 7.249101548760485, 7.549616033211219, 7.150971021235952, 8.283849798899203, 6.95516449101682, 7.816417672817759, 9.637356401175134, 8.00352238489663, 8.13258377657446, 7.5859937343643855, 7.641733662248157, 7.508431414430856, 7.351884192748236, 7.6167982323659285, 7.612788462939488, 7.865725767232963, 7.397546592739647, 8.593349526587195, 6.40465519825077, 8.405220052032265, 7.555163841502177, 7.11842382637942, 8.253749691738355, 6.948906939239217, 17.54894901189593, 16.872131922838992, 9.639901015582344, 7.850945920901412, 8.006713209700614, 7.893045699694591, 16.502439971510988, 14.001123814512876, 7.5284748668068096, 6.9704807860938995, 7.958269053772734]
数据文件: "./data/附件1.xlsx", 入射角: 10.0
	基于最大值计算得到的平均厚度: 7.632 ± 0.409 μm
	基于最小值计算得到的平均厚度: 7.896 ± 0.622 μm
数据文件: "./data/附件2.xlsx", 入射角: 15.0
	基于最大值计算得到的平均厚度: 9.510 ± 3.907 μm
	基于最小值计算得到的平均厚度: 9.595 ± 3.152 μm

运行时间: 2025-09-05T14:17:21.643+00:00
厚度估计值: 8.660 ± 2.704 μm
所有计算结果: [7.922591784783107, 7.873200491534672, 7.886230864573403, 7.249101548760485, 7.549616033211219, 7.150971021235952, 8.283849798899203, 6.95516449101682, 7.816417672817759, 9.637356401175134, 8.00352238489663, 8.13258377657446, 7.5859937343643855, 7.641733662248157, 7.508431414430856, 7.351884192748236, 7.6167982323659285, 7.612788462939488, 7.865725767232963, 7.397546592739647, 8.593349526587195, 6.40465519825077, 8.405220052032265, 7.555163841502177, 7.11842382637942, 8.253749691738355, 6.948906939239217, 17.54894901189593, 16.872131922838992, 9.639901015582344, 7.850945920901412, 8.006713209700614, 7.893045699694591, 16.502439971510988, 14.001123814512876, 7.5284748668068096, 6.9704807860938995, 7.958269053772734]
数据文件: "./data/附件1.xlsx", 入射角: 10.0
	基于最大值计算得到的平均厚度: 7.632 ± 0.409 μm
	基于最小值计算得到的平均厚度: 7.896 ± 0.622 μm
数据文件: "./data/附件2.xlsx", 入射角: 15.0
	基于最大值计算得到的平均厚度: 9.510 ± 3.907 μm
	基于最小值计算得到的平均厚度: 9.595 ± 3.152 μm

运行时间: 2025-09-05T14:17:32.771+00:00
厚度估计值: 8.660 ± 2.704 μm
所有计算结果: [7.922591784783107, 7.873200491534672, 7.886230864573403, 7.249101548760485, 7.549616033211219, 7.150971021235952, 8.283849798899203, 6.95516449101682, 7.816417672817759, 9.637356401175134, 8.00352238489663, 8.13258377657446, 7.5859937343643855, 7.641733662248157, 7.508431414430856, 7.351884192748236, 7.6167982323659285, 7.612788462939488, 7.865725767232963, 7.397546592739647, 8.593349526587195, 6.40465519825077, 8.405220052032265, 7.555163841502177, 7.11842382637942, 8.253749691738355, 6.948906939239217, 17.54894901189593, 16.872131922838992, 9.639901015582344, 7.850945920901412, 8.006713209700614, 7.893045699694591, 16.502439971510988, 14.001123814512876, 7.5284748668068096, 6.9704807860938995, 7.958269053772734]
数据文件: "./data/附件1.xlsx", 入射角: 10.0
	基于最大值计算得到的平均厚度: 7.632 ± 0.409 μm
	基于最小值计算得到的平均厚度: 7.896 ± 0.622 μm
数据文件: "./data/附件2.xlsx", 入射角: 15.0
	基于最大值计算得到的平均厚度: 9.510 ± 3.907 μm
	基于最小值计算得到的平均厚度: 9.595 ± 3.152 μm

运行时间: 2025-09-05T14:17:48.846+00:00
厚度估计值: 8.660 ± 2.704 μm
所有计算结果: [7.922591784783107, 7.873200491534672, 7.886230864573403, 7.249101548760485, 7.549616033211219, 7.150971021235952, 8.283849798899203, 6.95516449101682, 7.816417672817759, 9.637356401175134, 8.00352238489663, 8.13258377657446, 7.5859937343643855, 7.641733662248157, 7.508431414430856, 7.351884192748236, 7.6167982323659285, 7.612788462939488, 7.865725767232963, 7.397546592739647, 8.593349526587195, 6.40465519825077, 8.405220052032265, 7.555163841502177, 7.11842382637942, 8.253749691738355, 6.948906939239217, 17.54894901189593, 16.872131922838992, 9.639901015582344, 7.850945920901412, 8.006713209700614, 7.893045699694591, 16.502439971510988, 14.001123814512876, 7.5284748668068096, 6.9704807860938995, 7.958269053772734]
数据文件: "./data/附件1.xlsx", 入射角: 10.0
	基于最大值计算得到的平均厚度: 7.632 ± 0.409 μm
	基于最小值计算得到的平均厚度: 7.896 ± 0.622 μm
数据文件: "./data/附件2.xlsx", 入射角: 15.0
	基于最大值计算得到的平均厚度: 9.510 ± 3.907 μm
	基于最小值计算得到的平均厚度: 9.595 ± 3.152 μm

运行时间: 2025-09-05T14:18:00.510+00:00
厚度估计值: 8.660 ± 2.704 μm
所有计算结果: [7.922591784783107, 7.873200491534672, 7.886230864573403, 7.249101548760485, 7.549616033211219, 7.150971021235952, 8.283849798899203, 6.95516449101682, 7.816417672817759, 9.637356401175134, 8.00352238489663, 8.13258377657446, 7.5859937343643855, 7.641733662248157, 7.508431414430856, 7.351884192748236, 7.6167982323659285, 7.612788462939488, 7.865725767232963, 7.397546592739647, 8.593349526587195, 6.40465519825077, 8.405220052032265, 7.555163841502177, 7.11842382637942, 8.253749691738355, 6.948906939239217, 17.54894901189593, 16.872131922838992, 9.639901015582344, 7.850945920901412, 8.006713209700614, 7.893045699694591, 16.502439971510988, 14.001123814512876, 7.5284748668068096, 6.9704807860938995, 7.958269053772734]
数据文件: "./data/附件1.xlsx", 入射角: 10.0
	基于最大值计算得到的平均厚度: 7.632 ± 0.409 μm
	基于最小值计算得到的平均厚度: 7.896 ± 0.622 μm
数据文件: "./data/附件2.xlsx", 入射角: 15.0
	基于最大值计算得到的平均厚度: 9.510 ± 3.907 μm
	基于最小值计算得到的平均厚度: 9.595 ± 3.152 μm

运行时间: 2025-09-05T14:18:42.099+00:00
厚度估计值: 8.660 ± 2.704 μm
所有计算结果: [7.922591784783107, 7.873200491534672, 7.886230864573403, 7.249101548760485, 7.549616033211219, 7.150971021235952, 8.283849798899203, 6.95516449101682, 7.816417672817759, 9.637356401175134, 8.00352238489663, 8.13258377657446, 7.5859937343643855, 7.641733662248157, 7.508431414430856, 7.351884192748236, 7.6167982323659285, 7.612788462939488, 7.865725767232963, 7.397546592739647, 8.593349526587195, 6.40465519825077, 8.405220052032265, 7.555163841502177, 7.11842382637942, 8.253749691738355, 6.948906939239217, 17.54894901189593, 16.872131922838992, 9.639901015582344, 7.850945920901412, 8.006713209700614, 7.893045699694591, 16.502439971510988, 14.001123814512876, 7.5284748668068096, 6.9704807860938995, 7.958269053772734]
数据文件: "./data/附件1.xlsx", 入射角: 10.0
	基于最大值计算得到的平均厚度: 7.632 ± 0.409 μm
	基于最小值计算得到的平均厚度: 7.896 ± 0.622 μm
数据文件: "./data/附件2.xlsx", 入射角: 15.0
	基于最大值计算得到的平均厚度: 9.510 ± 3.907 μm
	基于最小值计算得到的平均厚度: 9.595 ± 3.152 μm

运行时间: 2025-09-05T14:19:45.879+00:00
厚度估计值: 8.660 ± 2.704 μm
所有计算结果: [7.922591784783107, 7.873200491534672, 7.886230864573403, 7.249101548760485, 7.549616033211219, 7.150971021235952, 8.283849798899203, 6.95516449101682, 7.816417672817759, 9.637356401175134, 8.00352238489663, 8.13258377657446, 7.5859937343643855, 7.641733662248157, 7.508431414430856, 7.351884192748236, 7.6167982323659285, 7.612788462939488, 7.865725767232963, 7.397546592739647, 8.593349526587195, 6.40465519825077, 8.405220052032265, 7.555163841502177, 7.11842382637942, 8.253749691738355, 6.948906939239217, 17.54894901189593, 16.872131922838992, 9.639901015582344, 7.850945920901412, 8.006713209700614, 7.893045699694591, 16.502439971510988, 14.001123814512876, 7.5284748668068096, 6.9704807860938995, 7.958269053772734]
数据文件: "./data/附件1.xlsx", 入射角: 10.0
	基于最大值计算得到的平均厚度: 7.632 ± 0.409 μm
	基于最小值计算得到的平均厚度: 7.896 ± 0.622 μm
数据文件: "./data/附件2.xlsx", 入射角: 15.0
	基于最大值计算得到的平均厚度: 9.510 ± 3.907 μm
	基于最小值计算得到的平均厚度: 9.595 ± 3.152 μm

运行时间: 2025-09-05T14:19:56.271+00:00
厚度估计值: 8.660 ± 2.704 μm
所有计算结果: [7.922591784783107, 7.873200491534672, 7.886230864573403, 7.249101548760485, 7.549616033211219, 7.150971021235952, 8.283849798899203, 6.95516449101682, 7.816417672817759, 9.637356401175134, 8.00352238489663, 8.13258377657446, 7.5859937343643855, 7.641733662248157, 7.508431414430856, 7.351884192748236, 7.6167982323659285, 7.612788462939488, 7.865725767232963, 7.397546592739647, 8.593349526587195, 6.40465519825077, 8.405220052032265, 7.555163841502177, 7.11842382637942, 8.253749691738355, 6.948906939239217, 17.54894901189593, 16.872131922838992, 9.639901015582344, 7.850945920901412, 8.006713209700614, 7.893045699694591, 16.502439971510988, 14.001123814512876, 7.5284748668068096, 6.9704807860938995, 7.958269053772734]
数据文件: "./data/附件1.xlsx", 入射角: 10.0
	基于最大值计算得到的平均厚度: 7.632 ± 0.409 μm
	基于最小值计算得到的平均厚度: 7.896 ± 0.622 μm
数据文件: "./data/附件2.xlsx", 入射角: 15.0
	基于最大值计算得到的平均厚度: 9.510 ± 3.907 μm
	基于最小值计算得到的平均厚度: 9.595 ± 3.152 μm

运行时间: 2025-09-05T14:20:16.905+00:00
厚度估计值: 8.660 ± 2.704 μm
所有计算结果: [7.922591784783107, 7.873200491534672, 7.886230864573403, 7.249101548760485, 7.549616033211219, 7.150971021235952, 8.283849798899203, 6.95516449101682, 7.816417672817759, 9.637356401175134, 8.00352238489663, 8.13258377657446, 7.5859937343643855, 7.641733662248157, 7.508431414430856, 7.351884192748236, 7.6167982323659285, 7.612788462939488, 7.865725767232963, 7.397546592739647, 8.593349526587195, 6.40465519825077, 8.405220052032265, 7.555163841502177, 7.11842382637942, 8.253749691738355, 6.948906939239217, 17.54894901189593, 16.872131922838992, 9.639901015582344, 7.850945920901412, 8.006713209700614, 7.893045699694591, 16.502439971510988, 14.001123814512876, 7.5284748668068096, 6.9704807860938995, 7.958269053772734]
数据文件: "./data/附件1.xlsx", 入射角: 10.0
	基于最大值计算得到的平均厚度: 7.632 ± 0.409 μm
	基于最小值计算得到的平均厚度: 7.896 ± 0.622 μm
数据文件: "./data/附件2.xlsx", 入射角: 15.0
	基于最大值计算得到的平均厚度: 9.510 ± 3.907 μm
	基于最小值计算得到的平均厚度: 9.595 ± 3.152 μm

运行时间: 2025-09-05T14:20:41.482+00:00
厚度估计值: 8.660 ± 2.704 μm
所有计算结果: [7.922591784783107, 7.873200491534672, 7.886230864573403, 7.249101548760485, 7.549616033211219, 7.150971021235952, 8.283849798899203, 6.95516449101682, 7.816417672817759, 9.637356401175134, 8.00352238489663, 8.13258377657446, 7.5859937343643855, 7.641733662248157, 7.508431414430856, 7.351884192748236, 7.6167982323659285, 7.612788462939488, 7.865725767232963, 7.397546592739647, 8.593349526587195, 6.40465519825077, 8.405220052032265, 7.555163841502177, 7.11842382637942, 8.253749691738355, 6.948906939239217, 17.54894901189593, 16.872131922838992, 9.639901015582344, 7.850945920901412, 8.006713209700614, 7.893045699694591, 16.502439971510988, 14.001123814512876, 7.5284748668068096, 6.9704807860938995, 7.958269053772734]
数据文件: "./data/附件1.xlsx", 入射角: 10.0
	基于最大值计算得到的平均厚度: 7.632 ± 0.409 μm
	基于最小值计算得到的平均厚度: 7.896 ± 0.622 μm
数据文件: "./data/附件2.xlsx", 入射角: 15.0
	基于最大值计算得到的平均厚度: 9.510 ± 3.907 μm
	基于最小值计算得到的平均厚度: 9.595 ± 3.152 μm

运行时间: 2025-09-05T14:22:59.867+00:00
厚度估计值: 8.660 ± 2.704 μm
所有计算结果: [7.922591784783107, 7.873200491534672, 7.886230864573403, 7.249101548760485, 7.549616033211219, 7.150971021235952, 8.283849798899203, 6.95516449101682, 7.816417672817759, 9.637356401175134, 8.00352238489663, 8.13258377657446, 7.5859937343643855, 7.641733662248157, 7.508431414430856, 7.351884192748236, 7.6167982323659285, 7.612788462939488, 7.865725767232963, 7.397546592739647, 8.593349526587195, 6.40465519825077, 8.405220052032265, 7.555163841502177, 7.11842382637942, 8.253749691738355, 6.948906939239217, 17.54894901189593, 16.872131922838992, 9.639901015582344, 7.850945920901412, 8.006713209700614, 7.893045699694591, 16.502439971510988, 14.001123814512876, 7.5284748668068096, 6.9704807860938995, 7.958269053772734]
数据文件: "./data/附件1.xlsx", 入射角: 10.0
	基于最大值计算得到的平均厚度: 7.632 ± 0.409 μm
	基于最小值计算得到的平均厚度: 7.896 ± 0.622 μm
数据文件: "./data/附件2.xlsx", 入射角: 15.0
	基于最大值计算得到的平均厚度: 9.510 ± 3.907 μm
	基于最小值计算得到的平均厚度: 9.595 ± 3.152 μm

运行时间: 2025-09-05T14:23:15.097+00:00
厚度估计值: 8.660 ± 2.704 μm
所有计算结果: [7.922591784783107, 7.873200491534672, 7.886230864573403, 7.249101548760485, 7.549616033211219, 7.150971021235952, 8.283849798899203, 6.95516449101682, 7.816417672817759, 9.637356401175134, 8.00352238489663, 8.13258377657446, 7.5859937343643855, 7.641733662248157, 7.508431414430856, 7.351884192748236, 7.6167982323659285, 7.612788462939488, 7.865725767232963, 7.397546592739647, 8.593349526587195, 6.40465519825077, 8.405220052032265, 7.555163841502177, 7.11842382637942, 8.253749691738355, 6.948906939239217, 17.54894901189593, 16.872131922838992, 9.639901015582344, 7.850945920901412, 8.006713209700614, 7.893045699694591, 16.502439971510988, 14.001123814512876, 7.5284748668068096, 6.9704807860938995, 7.958269053772734]
数据文件: "./data/附件1.xlsx", 入射角: 10.0
	基于最大值计算得到的平均厚度: 7.632 ± 0.409 μm
	基于最小值计算得到的平均厚度: 7.896 ± 0.622 μm
数据文件: "./data/附件2.xlsx", 入射角: 15.0
	基于最大值计算得到的平均厚度: 9.510 ± 3.907 μm
	基于最小值计算得到的平均厚度: 9.595 ± 3.152 μm

